
BAND_NAME                      ALBUM_NAME                                         RELEASE_YEAR
------------------------------ -------------------------------------------------- ------------
cavetown                       Lemon Boy                                                  2018
XYLØ ‎                         yes & no                                                   2019
Tom Rosenthal                  Big Pot of Hummus                                          2019
The Internet                   Come Over                                                  2018
Sturgill Simpson               SOUND & FURY                                               2019
Retrovision                    Get Down                                                   2018
Noname                         Room 25                                                    2018
Noname                         Song 31                                                    2019
Noname                         Song 32                                                    2019
Milky Chance                   Mind the Moon                                              2019
Mal Blum                       Pity Boy                                                   2019
George Ezra                    Staying at Tamara's                                        2018
Daniel Pemberton               Spider-Man: Into the Spider-Verse (Original Score)         2018
Big Thief                      Two Hands                                                  2019

  14 record(s) selected.



CATEGORY                       CATSUM     
------------------------------ -----------
Self-Help                               19
Fitness & Nutrition                     13
Video Games                             10
News & Politics                          7
Comedy                                   6
Society & Culture                        6
TV & Film                                4
Management & Marketing                   3
Music                                    3
Kinds & Family                           1

  10 record(s) selected.



PLAYLIST_NAME                  FOLLOW_SUM  SONGS_SUM  
------------------------------ ----------- -----------
diamonds are a girl's _ ?                5          22
rock n rolling out of here               4          35
On love                                  3          16
another one                              3          27
oh no oh no                              3          20

  5 record(s) selected.



FULL_NAME            EMAIL                          STREAM_SUM 
-------------------- ------------------------------ -----------
Mary Contrary        aweber752@hotmail.com                   11
Mary Contrary        mhawkins371@hotmail.com                  9
Rodrigo Flynn        rflynn24@msn.com                         9
Mary Contrary        sgill816@hotmail.com                     9
Bishal Branch        bbranch577@live.com                      8

  5 record(s) selected.



ALBUM_AVERAGE_DURATION
----------------------
00:36:20              

  1 record(s) selected.


